<?xml version="1.0" encoding="UTF-8"?>
<!-- Generated by org.testng.reporters.JUnitReportReporter -->
<testsuite hostname="Gate6-70" name="testSuit.signIn" tests="8" failures="0" timestamp="4 Jul 2018 12:26:04 GMT" time="79.751" errors="0">
  <testcase name="NameAndDiscriptionComparison_CheckOutScreen" time="0.239" classname="testSuit.signIn"/>
  <testcase name="Login" time="23.881" classname="testSuit.signIn"/>
  <testcase name="compareTvDescription_to_CheckoutScreen" time="0.241" classname="testSuit.signIn"/>
  <testcase name="PriceComparison_OnSearchScreen" time="0.248" classname="testSuit.signIn"/>
  <testcase name="NameAndDiscriptionComparison_OnSearchScreen" time="0.902" classname="testSuit.signIn"/>
  <testcase name="PriceComparison_CheckOutScreen" time="0.191" classname="testSuit.signIn"/>
  <testcase name="SearchTV" time="33.035" classname="testSuit.signIn"/>
  <testcase name="MoveToCheckout" time="21.014" classname="testSuit.signIn"/>
</testsuite> <!-- testSuit.signIn -->
