<?xml version="1.0" encoding="UTF-8"?>
<!-- Generated by org.testng.reporters.JUnitReportReporter -->
<testsuite hostname="Gate6-70" name="TestSuit.TestCasesTest" tests="8" failures="0" timestamp="5 Jul 2018 12:17:38 GMT" time="91.933" errors="0">
  <testcase name="Login" time="26.547" classname="TestSuit.TestCasesTest"/>
  <testcase name="PriceComparison_OnSearchScreen" time="0.330" classname="TestSuit.TestCasesTest"/>
  <testcase name="NameAndDiscriptionComparison_OnSearchScreen" time="1.227" classname="TestSuit.TestCasesTest"/>
  <testcase name="PriceComparison_CheckOutScreen" time="0.395" classname="TestSuit.TestCasesTest"/>
  <testcase name="NameAndDiscriptionComparison_CheckOutScreen" time="0.194" classname="TestSuit.TestCasesTest"/>
  <testcase name="MoveToCheckout" time="33.134" classname="TestSuit.TestCasesTest"/>
  <testcase name="SearchTV" time="29.779" classname="TestSuit.TestCasesTest"/>
  <testcase name="compareTvDescription_to_CheckoutScreen" time="0.327" classname="TestSuit.TestCasesTest"/>
</testsuite> <!-- TestSuit.TestCasesTest -->
