<?xml version="1.0" encoding="UTF-8"?>
<!-- Generated by org.testng.reporters.JUnitReportReporter -->
<testsuite hostname="Gate6-70" name="testSuit.testCasesTest" tests="8" failures="0" timestamp="5 Jul 2018 10:01:38 GMT" time="88.603" errors="0">
  <testcase name="NameAndDiscriptionComparison_CheckOutScreen" time="0.274" classname="testSuit.testCasesTest"/>
  <testcase name="Login" time="25.032" classname="testSuit.testCasesTest"/>
  <testcase name="compareTvDescription_to_CheckoutScreen" time="0.746" classname="testSuit.testCasesTest"/>
  <testcase name="PriceComparison_OnSearchScreen" time="0.108" classname="testSuit.testCasesTest"/>
  <testcase name="NameAndDiscriptionComparison_OnSearchScreen" time="0.510" classname="testSuit.testCasesTest"/>
  <testcase name="PriceComparison_CheckOutScreen" time="0.235" classname="testSuit.testCasesTest"/>
  <testcase name="SearchTV" time="32.373" classname="testSuit.testCasesTest"/>
  <testcase name="MoveToCheckout" time="29.325" classname="testSuit.testCasesTest"/>
</testsuite> <!-- testSuit.testCasesTest -->
